7:00PM INF Total unbonded amount for cosmoshub-4: 1388465824uatom module=x/stakeibc
7:00PM INF |   COSMOSHUB-4   |    Submitting ICA Tx on icacontroller-cosmoshub-4.DELEGATION, connection-0 with TTL: 1670940720451745000 module=x/stakeibc
7:00PM INF |   COSMOSHUB-4   |      Msg: delegator_address:"cosmos10uxaa5gkxpeungu2c9qswx035v6t3r24w6v2r6dxd858rq2mzknqj8ru28" validator_address:"cosmosvaloper10e4vsut6suau8tk9m6dnrm0slgd6npe3jx5xpv" amount:<denom:"uatom" amount:"20863498" >  module=x/stakeibc
7:00PM INF |   COSMOSHUB-4   |      Msg: delegator_address:"cosmos10uxaa5gkxpeungu2c9qswx035v6t3r24w6v2r6dxd858rq2mzknqj8ru28" validator_address:"cosmosvaloper130mdu9a0etmeuw52qfxk73pn0ga6gawkxsrlwf" amount:<denom:"uatom" amount:"15246402" >  module=x/stakeibc
7:00PM INF |   COSMOSHUB-4   |      Msg: delegator_address:"cosmos10uxaa5gkxpeungu2c9qswx035v6t3r24w6v2r6dxd858rq2mzknqj8ru28" validator_address:"cosmosvaloper132juzk0gdmwuxvx4phug7m3ymyatxlh9734g4w" amount:<denom:"uatom" amount:"49751419" >  module=x/stakeibc
7:00PM INF |   COSMOSHUB-4   |      Msg: delegator_address:"cosmos10uxaa5gkxpeungu2c9qswx035v6t3r24w6v2r6dxd858rq2mzknqj8ru28" validator_address:"cosmosvaloper14kn0kk33szpwus9nh8n87fjel8djx0y070ymmj" amount:<denom:"uatom" amount:"25410671" >  module=x/stakeibc
7:00PM INF |   COSMOSHUB-4   |      Msg: delegator_address:"cosmos10uxaa5gkxpeungu2c9qswx035v6t3r24w6v2r6dxd858rq2mzknqj8ru28" validator_address:"cosmosvaloper14lultfckehtszvzw4ehu0apvsr77afvyju5zzy" amount:<denom:"uatom" amount:"138287547" >  module=x/stakeibc
7:00PM INF |   COSMOSHUB-4   |      Msg: delegator_address:"cosmos10uxaa5gkxpeungu2c9qswx035v6t3r24w6v2r6dxd858rq2mzknqj8ru28" validator_address:"cosmosvaloper15urq2dtp9qce4fyc85m6upwm9xul3049e02707" amount:<denom:"uatom" amount:"51891265" >  module=x/stakeibc
7:00PM INF |   COSMOSHUB-4   |      Msg: delegator_address:"cosmos10uxaa5gkxpeungu2c9qswx035v6t3r24w6v2r6dxd858rq2mzknqj8ru28" validator_address:"cosmosvaloper16fnz0v4cnv5dpnj0p3gaft2q2kzx8z5hfrx6v5" amount:<denom:"uatom" amount:"16316325" >  module=x/stakeibc
7:00PM INF |   COSMOSHUB-4   |      Msg: delegator_address:"cosmos10uxaa5gkxpeungu2c9qswx035v6t3r24w6v2r6dxd858rq2mzknqj8ru28" validator_address:"cosmosvaloper16k579jk6yt2cwmqx9dz5xvq9fug2tekvlu9qdv" amount:<denom:"uatom" amount:"31562728" >  module=x/stakeibc
7:00PM INF |   COSMOSHUB-4   |      Msg: delegator_address:"cosmos10uxaa5gkxpeungu2c9qswx035v6t3r24w6v2r6dxd858rq2mzknqj8ru28" validator_address:"cosmosvaloper196ax4vc0lwpxndu9dyhvca7jhxp70rmcvrj90c" amount:<denom:"uatom" amount:"129995644" >  module=x/stakeibc
7:00PM INF |   COSMOSHUB-4   |      Msg: delegator_address:"cosmos10uxaa5gkxpeungu2c9qswx035v6t3r24w6v2r6dxd858rq2mzknqj8ru28" validator_address:"cosmosvaloper1clpqr4nrk4khgkxj78fcwwh6dl3uw4epsluffn" amount:<denom:"uatom" amount:"54566072" >  module=x/stakeibc
7:00PM INF |   COSMOSHUB-4   |      Msg: delegator_address:"cosmos10uxaa5gkxpeungu2c9qswx035v6t3r24w6v2r6dxd858rq2mzknqj8ru28" validator_address:"cosmosvaloper1eh5mwu044gd5ntkkc2xgfg8247mgc56fz4sdg3" amount:<denom:"uatom" amount:"25250182" >  module=x/stakeibc
7:00PM INF |   COSMOSHUB-4   |      Msg: delegator_address:"cosmos10uxaa5gkxpeungu2c9qswx035v6t3r24w6v2r6dxd858rq2mzknqj8ru28" validator_address:"cosmosvaloper1ehkfl7palwrh6w2hhr2yfrgrq8jetgucudztfe" amount:<denom:"uatom" amount:"16450066" >  module=x/stakeibc
7:00PM INF |   COSMOSHUB-4   |      Msg: delegator_address:"cosmos10uxaa5gkxpeungu2c9qswx035v6t3r24w6v2r6dxd858rq2mzknqj8ru28" validator_address:"cosmosvaloper1ey69r37gfxvxg62sh4r0ktpuc46pzjrm873ae8" amount:<denom:"uatom" amount:"82651551" >  module=x/stakeibc
7:00PM INF |   COSMOSHUB-4   |      Msg: delegator_address:"cosmos10uxaa5gkxpeungu2c9qswx035v6t3r24w6v2r6dxd858rq2mzknqj8ru28" validator_address:"cosmosvaloper1g48268mu5vfp4wk7dk89r0wdrakm9p5xk0q50k" amount:<denom:"uatom" amount:"30760286" >  module=x/stakeibc
7:00PM INF |   COSMOSHUB-4   |      Msg: delegator_address:"cosmos10uxaa5gkxpeungu2c9qswx035v6t3r24w6v2r6dxd858rq2mzknqj8ru28" validator_address:"cosmosvaloper1grgelyng2v6v3t8z87wu3sxgt9m5s03xfytvz7" amount:<denom:"uatom" amount:"22468382" >  module=x/stakeibc
7:00PM INF |   COSMOSHUB-4   |      Msg: delegator_address:"cosmos10uxaa5gkxpeungu2c9qswx035v6t3r24w6v2r6dxd858rq2mzknqj8ru28" validator_address:"cosmosvaloper1hjct6q7npsspsg3dgvzk3sdf89spmlpfdn6m9d" amount:<denom:"uatom" amount:"30225324" >  module=x/stakeibc
7:00PM INF |   COSMOSHUB-4   |      Msg: delegator_address:"cosmos10uxaa5gkxpeungu2c9qswx035v6t3r24w6v2r6dxd858rq2mzknqj8ru28" validator_address:"cosmosvaloper1kgddca7qj96z0qcxr2c45z73cfl0c75p7f3s2e" amount:<denom:"uatom" amount:"19526094" >  module=x/stakeibc
7:00PM INF |   COSMOSHUB-4   |      Msg: delegator_address:"cosmos10uxaa5gkxpeungu2c9qswx035v6t3r24w6v2r6dxd858rq2mzknqj8ru28" validator_address:"cosmosvaloper1lzhlnpahvznwfv4jmay2tgaha5kmz5qxerarrl" amount:<denom:"uatom" amount:"35842420" >  module=x/stakeibc
7:00PM INF |   COSMOSHUB-4   |      Msg: delegator_address:"cosmos10uxaa5gkxpeungu2c9qswx035v6t3r24w6v2r6dxd858rq2mzknqj8ru28" validator_address:"cosmosvaloper1ma02nlc7lchu7caufyrrqt4r6v2mpsj90y9wzd" amount:<denom:"uatom" amount:"28620440" >  module=x/stakeibc
7:00PM INF |   COSMOSHUB-4   |      Msg: delegator_address:"cosmos10uxaa5gkxpeungu2c9qswx035v6t3r24w6v2r6dxd858rq2mzknqj8ru28" validator_address:"cosmosvaloper1n229vhepft6wnkt5tjpwmxdmcnfz55jv3vp77d" amount:<denom:"uatom" amount:"18188690" >  module=x/stakeibc
7:00PM INF |   COSMOSHUB-4   |      Msg: delegator_address:"cosmos10uxaa5gkxpeungu2c9qswx035v6t3r24w6v2r6dxd858rq2mzknqj8ru28" validator_address:"cosmosvaloper1qwl879nx9t6kef4supyazayf7vjhennyh568ys" amount:<denom:"uatom" amount:"32097689" >  module=x/stakeibc
7:00PM INF |   COSMOSHUB-4   |      Msg: delegator_address:"cosmos10uxaa5gkxpeungu2c9qswx035v6t3r24w6v2r6dxd858rq2mzknqj8ru28" validator_address:"cosmosvaloper1rpgtz9pskr5geavkjz02caqmeep7cwwpv73axj" amount:<denom:"uatom" amount:"20328536" >  module=x/stakeibc
7:00PM INF |   COSMOSHUB-4   |      Msg: delegator_address:"cosmos10uxaa5gkxpeungu2c9qswx035v6t3r24w6v2r6dxd858rq2mzknqj8ru28" validator_address:"cosmosvaloper1sd4tl9aljmmezzudugs7zlaya7pg2895ws8tfs" amount:<denom:"uatom" amount:"18723652" >  module=x/stakeibc
7:00PM INF |   COSMOSHUB-4   |      Msg: delegator_address:"cosmos10uxaa5gkxpeungu2c9qswx035v6t3r24w6v2r6dxd858rq2mzknqj8ru28" validator_address:"cosmosvaloper1sjllsnramtg3ewxqwwrwjxfgc4n4ef9u2lcnj0" amount:<denom:"uatom" amount:"147916873" >  module=x/stakeibc
7:00PM INF |   COSMOSHUB-4   |      Msg: delegator_address:"cosmos10uxaa5gkxpeungu2c9qswx035v6t3r24w6v2r6dxd858rq2mzknqj8ru28" validator_address:"cosmosvaloper1tflk30mq5vgqjdly92kkhhq3raev2hnz6eete3" amount:<denom:"uatom" amount:"80511705" >  module=x/stakeibc
7:00PM INF |   COSMOSHUB-4   |      Msg: delegator_address:"cosmos10uxaa5gkxpeungu2c9qswx035v6t3r24w6v2r6dxd858rq2mzknqj8ru28" validator_address:"cosmosvaloper1v5y0tg0jllvxf5c3afml8s3awue0ymju89frut" amount:<denom:"uatom" amount:"87466205" >  module=x/stakeibc
7:00PM INF |   COSMOSHUB-4   |      Msg: delegator_address:"cosmos10uxaa5gkxpeungu2c9qswx035v6t3r24w6v2r6dxd858rq2mzknqj8ru28" validator_address:"cosmosvaloper1vf44d85es37hwl9f4h9gv0e064m0lla60j9luj" amount:<denom:"uatom" amount:"59113245" >  module=x/stakeibc
7:00PM INF |   COSMOSHUB-4   |      Msg: delegator_address:"cosmos10uxaa5gkxpeungu2c9qswx035v6t3r24w6v2r6dxd858rq2mzknqj8ru28" validator_address:"cosmosvaloper1vvwtk805lxehwle9l4yudmq6mn0g32px9xtkhc" amount:<denom:"uatom" amount:"16851287" >  module=x/stakeibc
7:00PM INF |   COSMOSHUB-4   |      Msg: delegator_address:"cosmos10uxaa5gkxpeungu2c9qswx035v6t3r24w6v2r6dxd858rq2mzknqj8ru28" validator_address:"cosmosvaloper1we6knm8qartmmh2r0qfpsz6pq0s7emv3e0meuw" amount:<denom:"uatom" amount:"16048844" >  module=x/stakeibc
7:00PM INF |   COSMOSHUB-4   |      Msg: delegator_address:"cosmos10uxaa5gkxpeungu2c9qswx035v6t3r24w6v2r6dxd858rq2mzknqj8ru28" validator_address:"cosmosvaloper1x88j7vp2xnw3zec8ur3g4waxycyz7m0mahdv3p" amount:<denom:"uatom" amount:"18456171" >  module=x/stakeibc
7:00PM INF |   COSMOSHUB-4   |      Msg: delegator_address:"cosmos10uxaa5gkxpeungu2c9qswx035v6t3r24w6v2r6dxd858rq2mzknqj8ru28" validator_address:"cosmosvaloper1y0us8xvsvfvqkk9c6nt5cfyu5au5tww2ztve7q" amount:<denom:"uatom" amount:"16583806" >  module=x/stakeibc
7:00PM INF |   COSMOSHUB-4   |      Msg: delegator_address:"cosmos10uxaa5gkxpeungu2c9qswx035v6t3r24w6v2r6dxd858rq2mzknqj8ru28" validator_address:"cosmosvaloper1zqgheeawp7cmqk27dgyctd80rd8ryhqs6la9wc" amount:<denom:"uatom" amount:"30492805" >  module=x/stakeibc

Block Time: 1670871584274751011
Block Time: 1670861233737979333
block height=1439435
block height=1439636