7:00PM INF Total unbonded amount for juno-1: 28555221161ujuno module=x/stakeibc
7:00PM INF |   JUNO-1        |    Submitting ICA Tx on icacontroller-juno-1.DELEGATION, connection-19 with TTL: 1670595120451745000 module=x/stakeibc
7:00PM INF |   JUNO-1        |      Msg: delegator_address:"juno1zjpfewdsdykrgce8d20lfanhh6evufxeyya4fyepjs9lh57tv3jqrutwt0" validator_address:"junovaloper1083svrca4t350mphfv9x45wq9asrs60cpqzg0y" amount:<denom:"ujuno" amount:"639353959" >  module=x/stakeibc
7:00PM INF |   JUNO-1        |      Msg: delegator_address:"juno1zjpfewdsdykrgce8d20lfanhh6evufxeyya4fyepjs9lh57tv3jqrutwt0" validator_address:"junovaloper10wxn2lv29yqnw2uf4jf439kwy5ef00qdelfp7r" amount:<denom:"ujuno" amount:"542779814" >  module=x/stakeibc
7:00PM INF |   JUNO-1        |      Msg: delegator_address:"juno1zjpfewdsdykrgce8d20lfanhh6evufxeyya4fyepjs9lh57tv3jqrutwt0" validator_address:"junovaloper10y7ucn6jhjtakwchgpw32y0tgaku6yn255z7gm" amount:<denom:"ujuno" amount:"584156495" >  module=x/stakeibc
7:00PM INF |   JUNO-1        |      Msg: delegator_address:"juno1zjpfewdsdykrgce8d20lfanhh6evufxeyya4fyepjs9lh57tv3jqrutwt0" validator_address:"junovaloper13v4spsah85ps4vtrw07vzea37gq5la5gktlkeu" amount:<denom:"ujuno" amount:"850948994" >  module=x/stakeibc
7:00PM INF |   JUNO-1        |      Msg: delegator_address:"juno1zjpfewdsdykrgce8d20lfanhh6evufxeyya4fyepjs9lh57tv3jqrutwt0" validator_address:"junovaloper15urq2dtp9qce4fyc85m6upwm9xul304945tllg" amount:<denom:"ujuno" amount:"446177115" >  module=x/stakeibc
7:00PM INF |   JUNO-1        |      Msg: delegator_address:"juno1zjpfewdsdykrgce8d20lfanhh6evufxeyya4fyepjs9lh57tv3jqrutwt0" validator_address:"junovaloper16s96n9k9zztdgjy8q4qcxp4hn7ww98qk0du5jq" amount:<denom:"ujuno" amount:"648577332" >  module=x/stakeibc
7:00PM INF |   JUNO-1        |      Msg: delegator_address:"juno1zjpfewdsdykrgce8d20lfanhh6evufxeyya4fyepjs9lh57tv3jqrutwt0" validator_address:"junovaloper17dn5e2n6w60pzyxeq79apr05r6jzfw7wgq3m07" amount:<denom:"ujuno" amount:"427787479" >  module=x/stakeibc
7:00PM INF |   JUNO-1        |      Msg: delegator_address:"juno1zjpfewdsdykrgce8d20lfanhh6evufxeyya4fyepjs9lh57tv3jqrutwt0" validator_address:"junovaloper17n3w6v5q3n0tws4xv8upd9ul4qqes0nlg7q0xd" amount:<denom:"ujuno" amount:"791154122" >  module=x/stakeibc
7:00PM INF |   JUNO-1        |      Msg: delegator_address:"juno1zjpfewdsdykrgce8d20lfanhh6evufxeyya4fyepjs9lh57tv3jqrutwt0" validator_address:"junovaloper194v8uwee2fvs2s8fa5k7j03ktwc87h5ym39jfv" amount:<denom:"ujuno" amount:"689954013" >  module=x/stakeibc
7:00PM INF |   JUNO-1        |      Msg: delegator_address:"juno1zjpfewdsdykrgce8d20lfanhh6evufxeyya4fyepjs9lh57tv3jqrutwt0" validator_address:"junovaloper196ax4vc0lwpxndu9dyhvca7jhxp70rmcqcnylw" amount:<denom:"ujuno" amount:"3371614114" >  module=x/stakeibc
7:00PM INF |   JUNO-1        |      Msg: delegator_address:"juno1zjpfewdsdykrgce8d20lfanhh6evufxeyya4fyepjs9lh57tv3jqrutwt0" validator_address:"junovaloper1afhtjur8js4589xymu346ca7a5y5293x7p64ca" amount:<denom:"ujuno" amount:"1485734099" >  module=x/stakeibc
7:00PM INF |   JUNO-1        |      Msg: delegator_address:"juno1zjpfewdsdykrgce8d20lfanhh6evufxeyya4fyepjs9lh57tv3jqrutwt0" validator_address:"junovaloper1dru5985k4n5q369rxeqfdsjl8ezutch8mc6nx9" amount:<denom:"ujuno" amount:"496777169" >  module=x/stakeibc
7:00PM INF |   JUNO-1        |      Msg: delegator_address:"juno1zjpfewdsdykrgce8d20lfanhh6evufxeyya4fyepjs9lh57tv3jqrutwt0" validator_address:"junovaloper1e8238v24qccht9mqc2w0r4luq462yxttjzn7qt" amount:<denom:"ujuno" amount:"528959032" >  module=x/stakeibc
7:00PM INF |   JUNO-1        |      Msg: delegator_address:"juno1zjpfewdsdykrgce8d20lfanhh6evufxeyya4fyepjs9lh57tv3jqrutwt0" validator_address:"junovaloper1ehkfl7palwrh6w2hhr2yfrgrq8jetgucskr2e0" amount:<denom:"ujuno" amount:"400174470" >  module=x/stakeibc
7:00PM INF |   JUNO-1        |      Msg: delegator_address:"juno1zjpfewdsdykrgce8d20lfanhh6evufxeyya4fyepjs9lh57tv3jqrutwt0" validator_address:"junovaloper1ej2es5fjztqjcd4pwa0zyvaevtjd2y5w2aqycm" amount:<denom:"ujuno" amount:"781959304" >  module=x/stakeibc
7:00PM INF |   JUNO-1        |      Msg: delegator_address:"juno1zjpfewdsdykrgce8d20lfanhh6evufxeyya4fyepjs9lh57tv3jqrutwt0" validator_address:"junovaloper1gjtvly9lel6zskvwtvlg5vhwpu9c9wawjt8r7s" amount:<denom:"ujuno" amount:"409369288" >  module=x/stakeibc
7:00PM INF |   JUNO-1        |      Msg: delegator_address:"juno1zjpfewdsdykrgce8d20lfanhh6evufxeyya4fyepjs9lh57tv3jqrutwt0" validator_address:"junovaloper1jc9fr7s5kal8878trt86ne0k353r4yd6a60zak" amount:<denom:"ujuno" amount:"699177386" >  module=x/stakeibc
7:00PM INF |   JUNO-1        |      Msg: delegator_address:"juno1zjpfewdsdykrgce8d20lfanhh6evufxeyya4fyepjs9lh57tv3jqrutwt0" validator_address:"junovaloper1juczud9nep06t0khghvm643hf9usw45r23gsmr" amount:<denom:"ujuno" amount:"731359249" >  module=x/stakeibc
7:00PM INF |   JUNO-1        |      Msg: delegator_address:"juno1zjpfewdsdykrgce8d20lfanhh6evufxeyya4fyepjs9lh57tv3jqrutwt0" validator_address:"junovaloper1ka8v934kgrw6679fs9cuu0kesyl0ljjy2kdtrl" amount:<denom:"ujuno" amount:"1586905653" >  module=x/stakeibc
7:00PM INF |   JUNO-1        |      Msg: delegator_address:"juno1zjpfewdsdykrgce8d20lfanhh6evufxeyya4fyepjs9lh57tv3jqrutwt0" validator_address:"junovaloper1lzhlnpahvznwfv4jmay2tgaha5kmz5qx4cuznf" amount:<denom:"ujuno" amount:"1191328592" >  module=x/stakeibc
7:00PM INF |   JUNO-1        |      Msg: delegator_address:"juno1zjpfewdsdykrgce8d20lfanhh6evufxeyya4fyepjs9lh57tv3jqrutwt0" validator_address:"junovaloper1n3mhyp9fvcmuu8l0q8qvjy07x0rql8q4kjctkq" amount:<denom:"ujuno" amount:"901549048" >  module=x/stakeibc
7:00PM INF |   JUNO-1        |      Msg: delegator_address:"juno1zjpfewdsdykrgce8d20lfanhh6evufxeyya4fyepjs9lh57tv3jqrutwt0" validator_address:"junovaloper1q3jsx9dpfhtyqqgetwpe5tmk8f0ms5qywje8tw" amount:<denom:"ujuno" amount:"459969342" >  module=x/stakeibc
7:00PM INF |   JUNO-1        |      Msg: delegator_address:"juno1zjpfewdsdykrgce8d20lfanhh6evufxeyya4fyepjs9lh57tv3jqrutwt0" validator_address:"junovaloper1sjllsnramtg3ewxqwwrwjxfgc4n4ef9uxyejze" amount:<denom:"ujuno" amount:"1407521036" >  module=x/stakeibc
7:00PM INF |   JUNO-1        |      Msg: delegator_address:"juno1zjpfewdsdykrgce8d20lfanhh6evufxeyya4fyepjs9lh57tv3jqrutwt0" validator_address:"junovaloper1t8ehvswxjfn3ejzkjtntcyrqwvmvuknzmvtaaa" amount:<denom:"ujuno" amount:"3757996371" >  module=x/stakeibc
7:00PM INF |   JUNO-1        |      Msg: delegator_address:"juno1zjpfewdsdykrgce8d20lfanhh6evufxeyya4fyepjs9lh57tv3jqrutwt0" validator_address:"junovaloper1wd02ktcvpananlvd9u6jm3x3ap3vmw59jv9vez" amount:<denom:"ujuno" amount:"436982297" >  module=x/stakeibc
7:00PM INF |   JUNO-1        |      Msg: delegator_address:"juno1zjpfewdsdykrgce8d20lfanhh6evufxeyya4fyepjs9lh57tv3jqrutwt0" validator_address:"junovaloper1wszlc0l5tfh37mq24009pzf24mavlkx4p97jjz" amount:<denom:"ujuno" amount:"505971987" >  module=x/stakeibc
7:00PM INF |   JUNO-1        |      Msg: delegator_address:"juno1zjpfewdsdykrgce8d20lfanhh6evufxeyya4fyepjs9lh57tv3jqrutwt0" validator_address:"junovaloper1x20lytyf6zkcrv5edpkfkn8sz578qg5sujlhnj" amount:<denom:"ujuno" amount:"768167077" >  module=x/stakeibc
7:00PM INF |   JUNO-1        |      Msg: delegator_address:"juno1zjpfewdsdykrgce8d20lfanhh6evufxeyya4fyepjs9lh57tv3jqrutwt0" validator_address:"junovaloper1xwazl8ftks4gn00y5x3c47auquc62ssuvynw64" amount:<denom:"ujuno" amount:"524361623" >  module=x/stakeibc
7:00PM INF |   JUNO-1        |      Msg: delegator_address:"juno1zjpfewdsdykrgce8d20lfanhh6evufxeyya4fyepjs9lh57tv3jqrutwt0" validator_address:"junovaloper1y0us8xvsvfvqkk9c6nt5cfyu5au5tww2wsdcwk" amount:<denom:"ujuno" amount:"1688105761" >  module=x/stakeibc
7:00PM INF |   JUNO-1        |      Msg: delegator_address:"juno1zjpfewdsdykrgce8d20lfanhh6evufxeyya4fyepjs9lh57tv3jqrutwt0" validator_address:"junovaloper1yy3tnegzmkdcm7czzcy3flw5z0zyr9vkkxrfse" amount:<denom:"ujuno" amount:"800348940" >  module=x/stakeibc
