7:00PM INF Total unbonded amount for stargaze-1: 45757447978ustars module=x/stakeibc
7:00PM INF |   STARGAZE-1    |    Submitting ICA Tx on icacontroller-stargaze-1.DELEGATION, connection-18 with TTL: 1671113520451745000 module=x/stakeibc
7:00PM INF |   STARGAZE-1    |      Msg: delegator_address:"stars1rfxv568skvtncxfl28s25scg87es4ez2w8q32z727mvtxgjmexuqc246ra" validator_address:"starsvaloper10wxn2lv29yqnw2uf4jf439kwy5ef00qd0jluj0" amount:<denom:"ustars" amount:"1096014237" >  module=x/stakeibc
7:00PM INF |   STARGAZE-1    |      Msg: delegator_address:"stars1rfxv568skvtncxfl28s25scg87es4ez2w8q32z727mvtxgjmexuqc246ra" validator_address:"starsvaloper13curyx4nxhq5q3ge5x2yd54c4df20vust4mxxe" amount:<denom:"ustars" amount:"788763384" >  module=x/stakeibc
7:00PM INF |   STARGAZE-1    |      Msg: delegator_address:"stars1rfxv568skvtncxfl28s25scg87es4ez2w8q32z727mvtxgjmexuqc246ra" validator_address:"starsvaloper13htkxk8nw6qwhfdugllp8ldtgt5nm80xf679h5" amount:<denom:"ustars" amount:"6126673746" >  module=x/stakeibc
7:00PM INF |   STARGAZE-1    |      Msg: delegator_address:"stars1rfxv568skvtncxfl28s25scg87es4ez2w8q32z727mvtxgjmexuqc246ra" validator_address:"starsvaloper16pj5gljqnqs0ajxakccfjhu05yczp987esm6lu" amount:<denom:"ustars" amount:"1256518415" >  module=x/stakeibc
7:00PM INF |   STARGAZE-1    |      Msg: delegator_address:"stars1rfxv568skvtncxfl28s25scg87es4ez2w8q32z727mvtxgjmexuqc246ra" validator_address:"starsvaloper172ctu72nuvxzrc0ser6xuzr735ay82g0tnxfyk" amount:<denom:"ustars" amount:"807106719" >  module=x/stakeibc
7:00PM INF |   STARGAZE-1    |      Msg: delegator_address:"stars1rfxv568skvtncxfl28s25scg87es4ez2w8q32z727mvtxgjmexuqc246ra" validator_address:"starsvaloper17dn5e2n6w60pzyxeq79apr05r6jzfw7w7d8xrj" amount:<denom:"ustars" amount:"907995059" >  module=x/stakeibc
7:00PM INF |   STARGAZE-1    |      Msg: delegator_address:"stars1rfxv568skvtncxfl28s25scg87es4ez2w8q32z727mvtxgjmexuqc246ra" validator_address:"starsvaloper17skjxhtt54prnpxcs7a5rv9znlldpe5k8tncyd" amount:<denom:"ustars" amount:"940095894" >  module=x/stakeibc
7:00PM INF |   STARGAZE-1    |      Msg: delegator_address:"stars1rfxv568skvtncxfl28s25scg87es4ez2w8q32z727mvtxgjmexuqc246ra" validator_address:"starsvaloper19jw025fpcmayxj4qxp50uh2jvxuff57vw2krv6" amount:<denom:"ustars" amount:"981368397" >  module=x/stakeibc
7:00PM INF |   STARGAZE-1    |      Msg: delegator_address:"stars1rfxv568skvtncxfl28s25scg87es4ez2w8q32z727mvtxgjmexuqc246ra" validator_address:"starsvaloper1cqdhr7arcezmkhy32qzsqsjvq2rheuhxrty6kj" amount:<denom:"ustars" amount:"807106719" >  module=x/stakeibc
7:00PM INF |   STARGAZE-1    |      Msg: delegator_address:"stars1rfxv568skvtncxfl28s25scg87es4ez2w8q32z727mvtxgjmexuqc246ra" validator_address:"starsvaloper1ej2es5fjztqjcd4pwa0zyvaevtjd2y5wuske5h" amount:<denom:"ustars" amount:"816278386" >  module=x/stakeibc
7:00PM INF |   STARGAZE-1    |      Msg: delegator_address:"stars1rfxv568skvtncxfl28s25scg87es4ez2w8q32z727mvtxgjmexuqc246ra" validator_address:"starsvaloper1fhznrvfyv25f27se8pqw79ytfcwh45j0ppy6lz" amount:<denom:"ustars" amount:"2719399343" >  module=x/stakeibc
7:00PM INF |   STARGAZE-1    |      Msg: delegator_address:"stars1rfxv568skvtncxfl28s25scg87es4ez2w8q32z727mvtxgjmexuqc246ra" validator_address:"starsvaloper1gjtvly9lel6zskvwtvlg5vhwpu9c9wawyx37ju" amount:<denom:"ustars" amount:"1141872574" >  module=x/stakeibc
7:00PM INF |   STARGAZE-1    |      Msg: delegator_address:"stars1rfxv568skvtncxfl28s25scg87es4ez2w8q32z727mvtxgjmexuqc246ra" validator_address:"starsvaloper1hvw778wslvyxh6mmv3sy96mwnaw80elmrswc6h" amount:<denom:"ustars" amount:"903409225" >  module=x/stakeibc
7:00PM INF |   STARGAZE-1    |      Msg: delegator_address:"stars1rfxv568skvtncxfl28s25scg87es4ez2w8q32z727mvtxgjmexuqc246ra" validator_address:"starsvaloper1jp9v48a8u4vndt7m2ueal7v6a248n0sh364w8d" amount:<denom:"ustars" amount:"972196729" >  module=x/stakeibc
7:00PM INF |   STARGAZE-1    |      Msg: delegator_address:"stars1rfxv568skvtncxfl28s25scg87es4ez2w8q32z727mvtxgjmexuqc246ra" validator_address:"starsvaloper1kg99k8wd67r0ffxwavgnxup7yk46rvttuwrdwy" amount:<denom:"ustars" amount:"1004297565" >  module=x/stakeibc
7:00PM INF |   STARGAZE-1    |      Msg: delegator_address:"stars1rfxv568skvtncxfl28s25scg87es4ez2w8q32z727mvtxgjmexuqc246ra" validator_address:"starsvaloper1msylh4vxq8uyz6cwcerme3yyq3cjpanpuw72pf" amount:<denom:"ustars" amount:"1417022592" >  module=x/stakeibc
7:00PM INF |   STARGAZE-1    |      Msg: delegator_address:"stars1rfxv568skvtncxfl28s25scg87es4ez2w8q32z727mvtxgjmexuqc246ra" validator_address:"starsvaloper1mz2qks48v486d9m8wp4l9fxm2e9l0e0kzk79m5" amount:<denom:"ustars" amount:"2627682671" >  module=x/stakeibc
7:00PM INF |   STARGAZE-1    |      Msg: delegator_address:"stars1rfxv568skvtncxfl28s25scg87es4ez2w8q32z727mvtxgjmexuqc246ra" validator_address:"starsvaloper1n3mhyp9fvcmuu8l0q8qvjy07x0rql8q4qlwk6v" amount:<denom:"ustars" amount:"857550889" >  module=x/stakeibc
7:00PM INF |   STARGAZE-1    |      Msg: delegator_address:"stars1rfxv568skvtncxfl28s25scg87es4ez2w8q32z727mvtxgjmexuqc246ra" validator_address:"starsvaloper1p3ga5uyzl9hum0j5qv0f5vysyevvwc8rxxhqws" amount:<denom:"ustars" amount:"834621720" >  module=x/stakeibc
7:00PM INF |   STARGAZE-1    |      Msg: delegator_address:"stars1rfxv568skvtncxfl28s25scg87es4ez2w8q32z727mvtxgjmexuqc246ra" validator_address:"starsvaloper1qe8uuf5x69c526h4nzxwv4ltftr73v7qlh8sg9" amount:<denom:"ustars" amount:"1921464291" >  module=x/stakeibc
7:00PM INF |   STARGAZE-1    |      Msg: delegator_address:"stars1rfxv568skvtncxfl28s25scg87es4ez2w8q32z727mvtxgjmexuqc246ra" validator_address:"starsvaloper1qv2tdjma7dcg6jmgawwd0aajjcx89rqca0cqgr" amount:<denom:"ustars" amount:"1591284270" >  module=x/stakeibc
7:00PM INF |   STARGAZE-1    |      Msg: delegator_address:"stars1rfxv568skvtncxfl28s25scg87es4ez2w8q32z727mvtxgjmexuqc246ra" validator_address:"starsvaloper1qx6kgrla69wmz90tn379p4kaux5prdku4x5nd4" amount:<denom:"ustars" amount:"1050155901" >  module=x/stakeibc
7:00PM INF |   STARGAZE-1    |      Msg: delegator_address:"stars1rfxv568skvtncxfl28s25scg87es4ez2w8q32z727mvtxgjmexuqc246ra" validator_address:"starsvaloper1r4sevyvum9ppqlw75t6h0ex9j4j9dzydyuhsmz" amount:<denom:"ustars" amount:"1077670903" >  module=x/stakeibc
7:00PM INF |   STARGAZE-1    |      Msg: delegator_address:"stars1rfxv568skvtncxfl28s25scg87es4ez2w8q32z727mvtxgjmexuqc246ra" validator_address:"starsvaloper1ulvgmlttxhrnmegu57sj0n2qc7xvtrn9245jtu" amount:<denom:"ustars" amount:"5305809511" >  module=x/stakeibc
7:00PM INF |   STARGAZE-1    |      Msg: delegator_address:"stars1rfxv568skvtncxfl28s25scg87es4ez2w8q32z727mvtxgjmexuqc246ra" validator_address:"starsvaloper1wvh8n82r4alqhxs45m8jtf536sqc5nzzgfzs7x" amount:<denom:"ustars" amount:"1169387576" >  module=x/stakeibc
7:00PM INF |   STARGAZE-1    |      Msg: delegator_address:"stars1rfxv568skvtncxfl28s25scg87es4ez2w8q32z727mvtxgjmexuqc246ra" validator_address:"starsvaloper1wz3692qvg6g3kcnnyta40rn2jj5jfhxqzntq0s" amount:<denom:"ustars" amount:"1086842570" >  module=x/stakeibc
7:00PM INF |   STARGAZE-1    |      Msg: delegator_address:"stars1rfxv568skvtncxfl28s25scg87es4ez2w8q32z727mvtxgjmexuqc246ra" validator_address:"starsvaloper1xru87608vdps23q4s79006lcsm0tfxcl4juuy5" amount:<denom:"ustars" amount:"1485810096" >  module=x/stakeibc
7:00PM INF |   STARGAZE-1    |      Msg: delegator_address:"stars1rfxv568skvtncxfl28s25scg87es4ez2w8q32z727mvtxgjmexuqc246ra" validator_address:"starsvaloper1y3cxrze7kmktj93atd42g9rffyg823g0qjqelc" amount:<denom:"ustars" amount:"1774717615" >  module=x/stakeibc
7:00PM INF |   STARGAZE-1    |      Msg: delegator_address:"stars1rfxv568skvtncxfl28s25scg87es4ez2w8q32z727mvtxgjmexuqc246ra" validator_address:"starsvaloper1y58hfnm90r4efhlydx0gavz57lvm7k6uulkg3h" amount:<denom:"ustars" amount:"1224417579" >  module=x/stakeibc
7:00PM INF |   STARGAZE-1    |      Msg: delegator_address:"stars1rfxv568skvtncxfl28s25scg87es4ez2w8q32z727mvtxgjmexuqc246ra" validator_address:"starsvaloper1yskcx5zfkr3nacn6f5zd08yw72zwm4s06x8tpz" amount:<denom:"ustars" amount:"1063913402" >  module=x/stakeibc
