7:00PM INF Total unbonded amount for osmosis-1: 4889402uosmo module=x/stakeibc
7:00PM INF |   OSMOSIS-1     |    Submitting ICA Tx on icacontroller-osmosis-1.DELEGATION, connection-2 with TTL: 1670595120451745000 module=x/stakeibc
7:00PM INF |   OSMOSIS-1     |      Msg: delegator_address:"osmo1npfl4vmmmf4yqhcemz95mvqujgdnlhrlxfzhlhz2gru8g2t749xqr9zm5e" validator_address:"osmovaloper1083svrca4t350mphfv9x45wq9asrs60c6rv0j5" amount:<denom:"uosmo" amount:"128745" >  module=x/stakeibc
7:00PM INF |   OSMOSIS-1     |      Msg: delegator_address:"osmo1npfl4vmmmf4yqhcemz95mvqujgdnlhrlxfzhlhz2gru8g2t749xqr9zm5e" validator_address:"osmovaloper10ymws40tepmjcu3a2wuy266ddna4ktas0zuzm4" amount:<denom:"uosmo" amount:"91541" >  module=x/stakeibc
7:00PM INF |   OSMOSIS-1     |      Msg: delegator_address:"osmo1npfl4vmmmf4yqhcemz95mvqujgdnlhrlxfzhlhz2gru8g2t749xqr9zm5e" validator_address:"osmovaloper123nfq6m8f88m4g3sky570unsnk4zng4u6mkmvq" amount:<denom:"uosmo" amount:"65596" >  module=x/stakeibc
7:00PM INF |   OSMOSIS-1     |      Msg: delegator_address:"osmo1npfl4vmmmf4yqhcemz95mvqujgdnlhrlxfzhlhz2gru8g2t749xqr9zm5e" validator_address:"osmovaloper12rzd5qr2wmpseypvkjl0spusts0eruw2g35lkn" amount:<denom:"uosmo" amount:"85667" >  module=x/stakeibc
7:00PM INF |   OSMOSIS-1     |      Msg: delegator_address:"osmo1npfl4vmmmf4yqhcemz95mvqujgdnlhrlxfzhlhz2gru8g2t749xqr9zm5e" validator_address:"osmovaloper12zwq8pcmmgwsl95rueqsf65avfg5zcj047ucw6" amount:<denom:"uosmo" amount:"77834" >  module=x/stakeibc
7:00PM INF |   OSMOSIS-1     |      Msg: delegator_address:"osmo1npfl4vmmmf4yqhcemz95mvqujgdnlhrlxfzhlhz2gru8g2t749xqr9zm5e" validator_address:"osmovaloper15czt5nhlnvayqq37xun9s9yus0d6y26d5jws45" amount:<denom:"uosmo" amount:"118465" >  module=x/stakeibc
7:00PM INF |   OSMOSIS-1     |      Msg: delegator_address:"osmo1npfl4vmmmf4yqhcemz95mvqujgdnlhrlxfzhlhz2gru8g2t749xqr9zm5e" validator_address:"osmovaloper15urq2dtp9qce4fyc85m6upwm9xul3049wh9czc" amount:<denom:"uosmo" amount:"411203" >  module=x/stakeibc
7:00PM INF |   OSMOSIS-1     |      Msg: delegator_address:"osmo1npfl4vmmmf4yqhcemz95mvqujgdnlhrlxfzhlhz2gru8g2t749xqr9zm5e" validator_address:"osmovaloper15xstrgzpwhduklvyhy9g7gu774lm8cjjxdvlw6" amount:<denom:"uosmo" amount:"57764" >  module=x/stakeibc
7:00PM INF |   OSMOSIS-1     |      Msg: delegator_address:"osmo1npfl4vmmmf4yqhcemz95mvqujgdnlhrlxfzhlhz2gru8g2t749xqr9zm5e" validator_address:"osmovaloper16q8xd335y38xk2ul67mjg27vdnrcnklt4wx6kt" amount:<denom:"uosmo" amount:"117486" >  module=x/stakeibc
7:00PM INF |   OSMOSIS-1     |      Msg: delegator_address:"osmo1npfl4vmmmf4yqhcemz95mvqujgdnlhrlxfzhlhz2gru8g2t749xqr9zm5e" validator_address:"osmovaloper17mggn4znyeyg25wd7498qxl7r2jhgue8td054x" amount:<denom:"uosmo" amount:"128256" >  module=x/stakeibc
7:00PM INF |   OSMOSIS-1     |      Msg: delegator_address:"osmo1npfl4vmmmf4yqhcemz95mvqujgdnlhrlxfzhlhz2gru8g2t749xqr9zm5e" validator_address:"osmovaloper196ax4vc0lwpxndu9dyhvca7jhxp70rmcmmarz7" amount:<denom:"uosmo" amount:"148816" >  module=x/stakeibc
7:00PM INF |   OSMOSIS-1     |      Msg: delegator_address:"osmo1npfl4vmmmf4yqhcemz95mvqujgdnlhrlxfzhlhz2gru8g2t749xqr9zm5e" validator_address:"osmovaloper1clpqr4nrk4khgkxj78fcwwh6dl3uw4ep88n0y4" amount:<denom:"uosmo" amount:"727452" >  module=x/stakeibc
7:00PM INF |   OSMOSIS-1     |      Msg: delegator_address:"osmo1npfl4vmmmf4yqhcemz95mvqujgdnlhrlxfzhlhz2gru8g2t749xqr9zm5e" validator_address:"osmovaloper1cyw4vw20el8e7ez8080md0r8psg25n0cq98a9n" amount:<denom:"uosmo" amount:"170355" >  module=x/stakeibc
7:00PM INF |   OSMOSIS-1     |      Msg: delegator_address:"osmo1npfl4vmmmf4yqhcemz95mvqujgdnlhrlxfzhlhz2gru8g2t749xqr9zm5e" validator_address:"osmovaloper1ej2es5fjztqjcd4pwa0zyvaevtjd2y5w37wr9t" amount:<denom:"uosmo" amount:"141473" >  module=x/stakeibc
7:00PM INF |   OSMOSIS-1     |      Msg: delegator_address:"osmo1npfl4vmmmf4yqhcemz95mvqujgdnlhrlxfzhlhz2gru8g2t749xqr9zm5e" validator_address:"osmovaloper1grgelyng2v6v3t8z87wu3sxgt9m5s03x7uy20c" amount:<denom:"uosmo" amount:"53358" >  module=x/stakeibc
7:00PM INF |   OSMOSIS-1     |      Msg: delegator_address:"osmo1npfl4vmmmf4yqhcemz95mvqujgdnlhrlxfzhlhz2gru8g2t749xqr9zm5e" validator_address:"osmovaloper1gy0nyn2hscxxayj2pdyu8axmfvv75nnvhc079s" amount:<denom:"uosmo" amount:"201195" >  module=x/stakeibc
7:00PM INF |   OSMOSIS-1     |      Msg: delegator_address:"osmo1npfl4vmmmf4yqhcemz95mvqujgdnlhrlxfzhlhz2gru8g2t749xqr9zm5e" validator_address:"osmovaloper1hjct6q7npsspsg3dgvzk3sdf89spmlpf6t4agt" amount:<denom:"uosmo" amount:"656946" >  module=x/stakeibc
7:00PM INF |   OSMOSIS-1     |      Msg: delegator_address:"osmo1npfl4vmmmf4yqhcemz95mvqujgdnlhrlxfzhlhz2gru8g2t749xqr9zm5e" validator_address:"osmovaloper1hk64xxqufcdyh627s29mruep8yfmxpuuclacer" amount:<denom:"uosmo" amount:"104758" >  module=x/stakeibc
7:00PM INF |   OSMOSIS-1     |      Msg: delegator_address:"osmo1npfl4vmmmf4yqhcemz95mvqujgdnlhrlxfzhlhz2gru8g2t749xqr9zm5e" validator_address:"osmovaloper1lzhlnpahvznwfv4jmay2tgaha5kmz5qxwmj9we" amount:<denom:"uosmo" amount:"123850" >  module=x/stakeibc
7:00PM INF |   OSMOSIS-1     |      Msg: delegator_address:"osmo1npfl4vmmmf4yqhcemz95mvqujgdnlhrlxfzhlhz2gru8g2t749xqr9zm5e" validator_address:"osmovaloper1n3mhyp9fvcmuu8l0q8qvjy07x0rql8q4d3kvts" amount:<denom:"uosmo" amount:"67554" >  module=x/stakeibc
7:00PM INF |   OSMOSIS-1     |      Msg: delegator_address:"osmo1npfl4vmmmf4yqhcemz95mvqujgdnlhrlxfzhlhz2gru8g2t749xqr9zm5e" validator_address:"osmovaloper1q6xc9x054z9y7ll7k740j2cvdsllsfhs5rxyaj" amount:<denom:"uosmo" amount:"135599" >  module=x/stakeibc
7:00PM INF |   OSMOSIS-1     |      Msg: delegator_address:"osmo1npfl4vmmmf4yqhcemz95mvqujgdnlhrlxfzhlhz2gru8g2t749xqr9zm5e" validator_address:"osmovaloper1r2u5q6t6w0wssrk6l66n3t2q3dw2uqny4gj2e3" amount:<denom:"uosmo" amount:"115528" >  module=x/stakeibc
7:00PM INF |   OSMOSIS-1     |      Msg: delegator_address:"osmo1npfl4vmmmf4yqhcemz95mvqujgdnlhrlxfzhlhz2gru8g2t749xqr9zm5e" validator_address:"osmovaloper1sjllsnramtg3ewxqwwrwjxfgc4n4ef9ua8h4lf" amount:<denom:"uosmo" amount:"118955" >  module=x/stakeibc
7:00PM INF |   OSMOSIS-1     |      Msg: delegator_address:"osmo1npfl4vmmmf4yqhcemz95mvqujgdnlhrlxfzhlhz2gru8g2t749xqr9zm5e" validator_address:"osmovaloper1t8qckan2yrygq7kl9apwhzfalwzgc2429p8f0s" amount:<denom:"uosmo" amount:"105248" >  module=x/stakeibc
7:00PM INF |   OSMOSIS-1     |      Msg: delegator_address:"osmo1npfl4vmmmf4yqhcemz95mvqujgdnlhrlxfzhlhz2gru8g2t749xqr9zm5e" validator_address:"osmovaloper1thsw3n94lzxy0knhss9n554zqp4dnfzx78j7sq" amount:<denom:"uosmo" amount:"126298" >  module=x/stakeibc
7:00PM INF |   OSMOSIS-1     |      Msg: delegator_address:"osmo1npfl4vmmmf4yqhcemz95mvqujgdnlhrlxfzhlhz2gru8g2t749xqr9zm5e" validator_address:"osmovaloper1v5y0tg0jllvxf5c3afml8s3awue0ymjusax93d" amount:<denom:"uosmo" amount:"76366" >  module=x/stakeibc
7:00PM INF |   OSMOSIS-1     |      Msg: delegator_address:"osmo1npfl4vmmmf4yqhcemz95mvqujgdnlhrlxfzhlhz2gru8g2t749xqr9zm5e" validator_address:"osmovaloper1w4x44ek799hvg97x0mfwu6gg5dww2r8fdpqql4" amount:<denom:"uosmo" amount:"129724" >  module=x/stakeibc
7:00PM INF |   OSMOSIS-1     |      Msg: delegator_address:"osmo1npfl4vmmmf4yqhcemz95mvqujgdnlhrlxfzhlhz2gru8g2t749xqr9zm5e" validator_address:"osmovaloper1x20lytyf6zkcrv5edpkfkn8sz578qg5s833swz" amount:<denom:"uosmo" amount:"71471" >  module=x/stakeibc
7:00PM INF |   OSMOSIS-1     |      Msg: delegator_address:"osmo1npfl4vmmmf4yqhcemz95mvqujgdnlhrlxfzhlhz2gru8g2t749xqr9zm5e" validator_address:"osmovaloper1z89utvygweg5l56fsk8ak7t6hh88fd0axx2fya" amount:<denom:"uosmo" amount:"202664" >  module=x/stakeibc
7:00PM INF |   OSMOSIS-1     |      Msg: delegator_address:"osmo1npfl4vmmmf4yqhcemz95mvqujgdnlhrlxfzhlhz2gru8g2t749xqr9zm5e" validator_address:"osmovaloper1zlymlax05tg9km9jyw496jx60v86m454a3xf3m" amount:<denom:"uosmo" amount:"129235" >  module=x/stakeibc
