7:00PM INF Total unbonded amount for stargaze-1: 4298398525ustars module=x/stakeibc
7:00PM INF |   STARGAZE-1    |    Submitting ICA Tx on icacontroller-stargaze-1.DELEGATION, connection-18 with TTL: 1670595120451745000 module=x/stakeibc
7:00PM INF |   STARGAZE-1    |      Msg: delegator_address:"stars1rfxv568skvtncxfl28s25scg87es4ez2w8q32z727mvtxgjmexuqc246ra" validator_address:"starsvaloper10wxn2lv29yqnw2uf4jf439kwy5ef00qd0jluj0" amount:<denom:"ustars" amount:"102958232" >  module=x/stakeibc
7:00PM INF |   STARGAZE-1    |      Msg: delegator_address:"stars1rfxv568skvtncxfl28s25scg87es4ez2w8q32z727mvtxgjmexuqc246ra" validator_address:"starsvaloper13curyx4nxhq5q3ge5x2yd54c4df20vust4mxxe" amount:<denom:"ustars" amount:"74095464" >  module=x/stakeibc
7:00PM INF |   STARGAZE-1    |      Msg: delegator_address:"stars1rfxv568skvtncxfl28s25scg87es4ez2w8q32z727mvtxgjmexuqc246ra" validator_address:"starsvaloper13htkxk8nw6qwhfdugllp8ldtgt5nm80xf679h5" amount:<denom:"ustars" amount:"575532227" >  module=x/stakeibc
7:00PM INF |   STARGAZE-1    |      Msg: delegator_address:"stars1rfxv568skvtncxfl28s25scg87es4ez2w8q32z727mvtxgjmexuqc246ra" validator_address:"starsvaloper16pj5gljqnqs0ajxakccfjhu05yczp987esm6lu" amount:<denom:"ustars" amount:"118035798" >  module=x/stakeibc
7:00PM INF |   STARGAZE-1    |      Msg: delegator_address:"stars1rfxv568skvtncxfl28s25scg87es4ez2w8q32z727mvtxgjmexuqc246ra" validator_address:"starsvaloper172ctu72nuvxzrc0ser6xuzr735ay82g0tnxfyk" amount:<denom:"ustars" amount:"75818614" >  module=x/stakeibc
7:00PM INF |   STARGAZE-1    |      Msg: delegator_address:"stars1rfxv568skvtncxfl28s25scg87es4ez2w8q32z727mvtxgjmexuqc246ra" validator_address:"starsvaloper17dn5e2n6w60pzyxeq79apr05r6jzfw7w7d8xrj" amount:<denom:"ustars" amount:"85295941" >  module=x/stakeibc
7:00PM INF |   STARGAZE-1    |      Msg: delegator_address:"stars1rfxv568skvtncxfl28s25scg87es4ez2w8q32z727mvtxgjmexuqc246ra" validator_address:"starsvaloper17skjxhtt54prnpxcs7a5rv9znlldpe5k8tncyd" amount:<denom:"ustars" amount:"88311454" >  module=x/stakeibc
7:00PM INF |   STARGAZE-1    |      Msg: delegator_address:"stars1rfxv568skvtncxfl28s25scg87es4ez2w8q32z727mvtxgjmexuqc246ra" validator_address:"starsvaloper19jw025fpcmayxj4qxp50uh2jvxuff57vw2krv6" amount:<denom:"ustars" amount:"92188543" >  module=x/stakeibc
7:00PM INF |   STARGAZE-1    |      Msg: delegator_address:"stars1rfxv568skvtncxfl28s25scg87es4ez2w8q32z727mvtxgjmexuqc246ra" validator_address:"starsvaloper1cqdhr7arcezmkhy32qzsqsjvq2rheuhxrty6kj" amount:<denom:"ustars" amount:"75818614" >  module=x/stakeibc
7:00PM INF |   STARGAZE-1    |      Msg: delegator_address:"stars1rfxv568skvtncxfl28s25scg87es4ez2w8q32z727mvtxgjmexuqc246ra" validator_address:"starsvaloper1ej2es5fjztqjcd4pwa0zyvaevtjd2y5wuske5h" amount:<denom:"ustars" amount:"76680190" >  module=x/stakeibc
7:00PM INF |   STARGAZE-1    |      Msg: delegator_address:"stars1rfxv568skvtncxfl28s25scg87es4ez2w8q32z727mvtxgjmexuqc246ra" validator_address:"starsvaloper1fhznrvfyv25f27se8pqw79ytfcwh45j0ppy6lz" amount:<denom:"ustars" amount:"255457038" >  module=x/stakeibc
7:00PM INF |   STARGAZE-1    |      Msg: delegator_address:"stars1rfxv568skvtncxfl28s25scg87es4ez2w8q32z727mvtxgjmexuqc246ra" validator_address:"starsvaloper1gjtvly9lel6zskvwtvlg5vhwpu9c9wawyx37ju" amount:<denom:"ustars" amount:"107266108" >  module=x/stakeibc
7:00PM INF |   STARGAZE-1    |      Msg: delegator_address:"stars1rfxv568skvtncxfl28s25scg87es4ez2w8q32z727mvtxgjmexuqc246ra" validator_address:"starsvaloper1hvw778wslvyxh6mmv3sy96mwnaw80elmrswc6h" amount:<denom:"ustars" amount:"84865154" >  module=x/stakeibc
7:00PM INF |   STARGAZE-1    |      Msg: delegator_address:"stars1rfxv568skvtncxfl28s25scg87es4ez2w8q32z727mvtxgjmexuqc246ra" validator_address:"starsvaloper1jp9v48a8u4vndt7m2ueal7v6a248n0sh364w8d" amount:<denom:"ustars" amount:"91326968" >  module=x/stakeibc
7:00PM INF |   STARGAZE-1    |      Msg: delegator_address:"stars1rfxv568skvtncxfl28s25scg87es4ez2w8q32z727mvtxgjmexuqc246ra" validator_address:"starsvaloper1kg99k8wd67r0ffxwavgnxup7yk46rvttuwrdwy" amount:<denom:"ustars" amount:"94342481" >  module=x/stakeibc
7:00PM INF |   STARGAZE-1    |      Msg: delegator_address:"stars1rfxv568skvtncxfl28s25scg87es4ez2w8q32z727mvtxgjmexuqc246ra" validator_address:"starsvaloper1msylh4vxq8uyz6cwcerme3yyq3cjpanpuw72pf" amount:<denom:"ustars" amount:"133113363" >  module=x/stakeibc
7:00PM INF |   STARGAZE-1    |      Msg: delegator_address:"stars1rfxv568skvtncxfl28s25scg87es4ez2w8q32z727mvtxgjmexuqc246ra" validator_address:"starsvaloper1mz2qks48v486d9m8wp4l9fxm2e9l0e0kzk79m5" amount:<denom:"ustars" amount:"246841286" >  module=x/stakeibc
7:00PM INF |   STARGAZE-1    |      Msg: delegator_address:"stars1rfxv568skvtncxfl28s25scg87es4ez2w8q32z727mvtxgjmexuqc246ra" validator_address:"starsvaloper1n3mhyp9fvcmuu8l0q8qvjy07x0rql8q4qlwk6v" amount:<denom:"ustars" amount:"80557278" >  module=x/stakeibc
7:00PM INF |   STARGAZE-1    |      Msg: delegator_address:"stars1rfxv568skvtncxfl28s25scg87es4ez2w8q32z727mvtxgjmexuqc246ra" validator_address:"starsvaloper1p3ga5uyzl9hum0j5qv0f5vysyevvwc8rxxhqws" amount:<denom:"ustars" amount:"78403340" >  module=x/stakeibc
7:00PM INF |   STARGAZE-1    |      Msg: delegator_address:"stars1rfxv568skvtncxfl28s25scg87es4ez2w8q32z727mvtxgjmexuqc246ra" validator_address:"starsvaloper1qe8uuf5x69c526h4nzxwv4ltftr73v7qlh8sg9" amount:<denom:"ustars" amount:"180499998" >  module=x/stakeibc
7:00PM INF |   STARGAZE-1    |      Msg: delegator_address:"stars1rfxv568skvtncxfl28s25scg87es4ez2w8q32z727mvtxgjmexuqc246ra" validator_address:"starsvaloper1qv2tdjma7dcg6jmgawwd0aajjcx89rqca0cqgr" amount:<denom:"ustars" amount:"149483292" >  module=x/stakeibc
7:00PM INF |   STARGAZE-1    |      Msg: delegator_address:"stars1rfxv568skvtncxfl28s25scg87es4ez2w8q32z727mvtxgjmexuqc246ra" validator_address:"starsvaloper1qx6kgrla69wmz90tn379p4kaux5prdku4x5nd4" amount:<denom:"ustars" amount:"98650357" >  module=x/stakeibc
7:00PM INF |   STARGAZE-1    |      Msg: delegator_address:"stars1rfxv568skvtncxfl28s25scg87es4ez2w8q32z727mvtxgjmexuqc246ra" validator_address:"starsvaloper1r4sevyvum9ppqlw75t6h0ex9j4j9dzydyuhsmz" amount:<denom:"ustars" amount:"101235082" >  module=x/stakeibc
7:00PM INF |   STARGAZE-1    |      Msg: delegator_address:"stars1rfxv568skvtncxfl28s25scg87es4ez2w8q32z727mvtxgjmexuqc246ra" validator_address:"starsvaloper1ulvgmlttxhrnmegu57sj0n2qc7xvtrn9245jtu" amount:<denom:"ustars" amount:"498421236" >  module=x/stakeibc
7:00PM INF |   STARGAZE-1    |      Msg: delegator_address:"stars1rfxv568skvtncxfl28s25scg87es4ez2w8q32z727mvtxgjmexuqc246ra" validator_address:"starsvaloper1wvh8n82r4alqhxs45m8jtf536sqc5nzzgfzs7x" amount:<denom:"ustars" amount:"109850834" >  module=x/stakeibc
7:00PM INF |   STARGAZE-1    |      Msg: delegator_address:"stars1rfxv568skvtncxfl28s25scg87es4ez2w8q32z727mvtxgjmexuqc246ra" validator_address:"starsvaloper1wz3692qvg6g3kcnnyta40rn2jj5jfhxqzntq0s" amount:<denom:"ustars" amount:"102096657" >  module=x/stakeibc
7:00PM INF |   STARGAZE-1    |      Msg: delegator_address:"stars1rfxv568skvtncxfl28s25scg87es4ez2w8q32z727mvtxgjmexuqc246ra" validator_address:"starsvaloper1xru87608vdps23q4s79006lcsm0tfxcl4juuy5" amount:<denom:"ustars" amount:"139575177" >  module=x/stakeibc
7:00PM INF |   STARGAZE-1    |      Msg: delegator_address:"stars1rfxv568skvtncxfl28s25scg87es4ez2w8q32z727mvtxgjmexuqc246ra" validator_address:"starsvaloper1y3cxrze7kmktj93atd42g9rffyg823g0qjqelc" amount:<denom:"ustars" amount:"166714795" >  module=x/stakeibc
7:00PM INF |   STARGAZE-1    |      Msg: delegator_address:"stars1rfxv568skvtncxfl28s25scg87es4ez2w8q32z727mvtxgjmexuqc246ra" validator_address:"starsvaloper1y58hfnm90r4efhlydx0gavz57lvm7k6uulkg3h" amount:<denom:"ustars" amount:"115020285" >  module=x/stakeibc
7:00PM INF |   STARGAZE-1    |      Msg: delegator_address:"stars1rfxv568skvtncxfl28s25scg87es4ez2w8q32z727mvtxgjmexuqc246ra" validator_address:"starsvaloper1yskcx5zfkr3nacn6f5zd08yw72zwm4s06x8tpz" amount:<denom:"ustars" amount:"99942719" >  module=x/stakeibc
