7:00PM INF Total unbonded amount for osmosis-1: 2203354uosmo module=x/stakeibc
7:00PM INF |   OSMOSIS-1     |    Submitting ICA Tx on icacontroller-osmosis-1.DELEGATION, connection-2 with TTL: 1671113520451745000 module=x/stakeibc
7:00PM INF |   OSMOSIS-1     |      Msg: delegator_address:"osmo1npfl4vmmmf4yqhcemz95mvqujgdnlhrlxfzhlhz2gru8g2t749xqr9zm5e" validator_address:"osmovaloper1083svrca4t350mphfv9x45wq9asrs60c6rv0j5" amount:<denom:"uosmo" amount:"58017" >  module=x/stakeibc
7:00PM INF |   OSMOSIS-1     |      Msg: delegator_address:"osmo1npfl4vmmmf4yqhcemz95mvqujgdnlhrlxfzhlhz2gru8g2t749xqr9zm5e" validator_address:"osmovaloper10ymws40tepmjcu3a2wuy266ddna4ktas0zuzm4" amount:<denom:"uosmo" amount:"41252" >  module=x/stakeibc
7:00PM INF |   OSMOSIS-1     |      Msg: delegator_address:"osmo1npfl4vmmmf4yqhcemz95mvqujgdnlhrlxfzhlhz2gru8g2t749xqr9zm5e" validator_address:"osmovaloper123nfq6m8f88m4g3sky570unsnk4zng4u6mkmvq" amount:<denom:"uosmo" amount:"29560" >  module=x/stakeibc
7:00PM INF |   OSMOSIS-1     |      Msg: delegator_address:"osmo1npfl4vmmmf4yqhcemz95mvqujgdnlhrlxfzhlhz2gru8g2t749xqr9zm5e" validator_address:"osmovaloper12rzd5qr2wmpseypvkjl0spusts0eruw2g35lkn" amount:<denom:"uosmo" amount:"38605" >  module=x/stakeibc
7:00PM INF |   OSMOSIS-1     |      Msg: delegator_address:"osmo1npfl4vmmmf4yqhcemz95mvqujgdnlhrlxfzhlhz2gru8g2t749xqr9zm5e" validator_address:"osmovaloper12zwq8pcmmgwsl95rueqsf65avfg5zcj047ucw6" amount:<denom:"uosmo" amount:"35075" >  module=x/stakeibc
7:00PM INF |   OSMOSIS-1     |      Msg: delegator_address:"osmo1npfl4vmmmf4yqhcemz95mvqujgdnlhrlxfzhlhz2gru8g2t749xqr9zm5e" validator_address:"osmovaloper15czt5nhlnvayqq37xun9s9yus0d6y26d5jws45" amount:<denom:"uosmo" amount:"53385" >  module=x/stakeibc
7:00PM INF |   OSMOSIS-1     |      Msg: delegator_address:"osmo1npfl4vmmmf4yqhcemz95mvqujgdnlhrlxfzhlhz2gru8g2t749xqr9zm5e" validator_address:"osmovaloper15urq2dtp9qce4fyc85m6upwm9xul3049wh9czc" amount:<denom:"uosmo" amount:"185304" >  module=x/stakeibc
7:00PM INF |   OSMOSIS-1     |      Msg: delegator_address:"osmo1npfl4vmmmf4yqhcemz95mvqujgdnlhrlxfzhlhz2gru8g2t749xqr9zm5e" validator_address:"osmovaloper15xstrgzpwhduklvyhy9g7gu774lm8cjjxdvlw6" amount:<denom:"uosmo" amount:"26030" >  module=x/stakeibc
7:00PM INF |   OSMOSIS-1     |      Msg: delegator_address:"osmo1npfl4vmmmf4yqhcemz95mvqujgdnlhrlxfzhlhz2gru8g2t749xqr9zm5e" validator_address:"osmovaloper16q8xd335y38xk2ul67mjg27vdnrcnklt4wx6kt" amount:<denom:"uosmo" amount:"52944" >  module=x/stakeibc
7:00PM INF |   OSMOSIS-1     |      Msg: delegator_address:"osmo1npfl4vmmmf4yqhcemz95mvqujgdnlhrlxfzhlhz2gru8g2t749xqr9zm5e" validator_address:"osmovaloper17mggn4znyeyg25wd7498qxl7r2jhgue8td054x" amount:<denom:"uosmo" amount:"57797" >  module=x/stakeibc
7:00PM INF |   OSMOSIS-1     |      Msg: delegator_address:"osmo1npfl4vmmmf4yqhcemz95mvqujgdnlhrlxfzhlhz2gru8g2t749xqr9zm5e" validator_address:"osmovaloper196ax4vc0lwpxndu9dyhvca7jhxp70rmcmmarz7" amount:<denom:"uosmo" amount:"67062" >  module=x/stakeibc
7:00PM INF |   OSMOSIS-1     |      Msg: delegator_address:"osmo1npfl4vmmmf4yqhcemz95mvqujgdnlhrlxfzhlhz2gru8g2t749xqr9zm5e" validator_address:"osmovaloper1clpqr4nrk4khgkxj78fcwwh6dl3uw4ep88n0y4" amount:<denom:"uosmo" amount:"327825" >  module=x/stakeibc
7:00PM INF |   OSMOSIS-1     |      Msg: delegator_address:"osmo1npfl4vmmmf4yqhcemz95mvqujgdnlhrlxfzhlhz2gru8g2t749xqr9zm5e" validator_address:"osmovaloper1cyw4vw20el8e7ez8080md0r8psg25n0cq98a9n" amount:<denom:"uosmo" amount:"76768" >  module=x/stakeibc
7:00PM INF |   OSMOSIS-1     |      Msg: delegator_address:"osmo1npfl4vmmmf4yqhcemz95mvqujgdnlhrlxfzhlhz2gru8g2t749xqr9zm5e" validator_address:"osmovaloper1ej2es5fjztqjcd4pwa0zyvaevtjd2y5w37wr9t" amount:<denom:"uosmo" amount:"63753" >  module=x/stakeibc
7:00PM INF |   OSMOSIS-1     |      Msg: delegator_address:"osmo1npfl4vmmmf4yqhcemz95mvqujgdnlhrlxfzhlhz2gru8g2t749xqr9zm5e" validator_address:"osmovaloper1grgelyng2v6v3t8z87wu3sxgt9m5s03x7uy20c" amount:<denom:"uosmo" amount:"24045" >  module=x/stakeibc
7:00PM INF |   OSMOSIS-1     |      Msg: delegator_address:"osmo1npfl4vmmmf4yqhcemz95mvqujgdnlhrlxfzhlhz2gru8g2t749xqr9zm5e" validator_address:"osmovaloper1gy0nyn2hscxxayj2pdyu8axmfvv75nnvhc079s" amount:<denom:"uosmo" amount:"90666" >  module=x/stakeibc
7:00PM INF |   OSMOSIS-1     |      Msg: delegator_address:"osmo1npfl4vmmmf4yqhcemz95mvqujgdnlhrlxfzhlhz2gru8g2t749xqr9zm5e" validator_address:"osmovaloper1hjct6q7npsspsg3dgvzk3sdf89spmlpf6t4agt" amount:<denom:"uosmo" amount:"296045" >  module=x/stakeibc
7:00PM INF |   OSMOSIS-1     |      Msg: delegator_address:"osmo1npfl4vmmmf4yqhcemz95mvqujgdnlhrlxfzhlhz2gru8g2t749xqr9zm5e" validator_address:"osmovaloper1hk64xxqufcdyh627s29mruep8yfmxpuuclacer" amount:<denom:"uosmo" amount:"47208" >  module=x/stakeibc
7:00PM INF |   OSMOSIS-1     |      Msg: delegator_address:"osmo1npfl4vmmmf4yqhcemz95mvqujgdnlhrlxfzhlhz2gru8g2t749xqr9zm5e" validator_address:"osmovaloper1lzhlnpahvznwfv4jmay2tgaha5kmz5qxwmj9we" amount:<denom:"uosmo" amount:"55811" >  module=x/stakeibc
7:00PM INF |   OSMOSIS-1     |      Msg: delegator_address:"osmo1npfl4vmmmf4yqhcemz95mvqujgdnlhrlxfzhlhz2gru8g2t749xqr9zm5e" validator_address:"osmovaloper1n3mhyp9fvcmuu8l0q8qvjy07x0rql8q4d3kvts" amount:<denom:"uosmo" amount:"30442" >  module=x/stakeibc
7:00PM INF |   OSMOSIS-1     |      Msg: delegator_address:"osmo1npfl4vmmmf4yqhcemz95mvqujgdnlhrlxfzhlhz2gru8g2t749xqr9zm5e" validator_address:"osmovaloper1q6xc9x054z9y7ll7k740j2cvdsllsfhs5rxyaj" amount:<denom:"uosmo" amount:"61106" >  module=x/stakeibc
7:00PM INF |   OSMOSIS-1     |      Msg: delegator_address:"osmo1npfl4vmmmf4yqhcemz95mvqujgdnlhrlxfzhlhz2gru8g2t749xqr9zm5e" validator_address:"osmovaloper1r2u5q6t6w0wssrk6l66n3t2q3dw2uqny4gj2e3" amount:<denom:"uosmo" amount:"52061" >  module=x/stakeibc
7:00PM INF |   OSMOSIS-1     |      Msg: delegator_address:"osmo1npfl4vmmmf4yqhcemz95mvqujgdnlhrlxfzhlhz2gru8g2t749xqr9zm5e" validator_address:"osmovaloper1sjllsnramtg3ewxqwwrwjxfgc4n4ef9ua8h4lf" amount:<denom:"uosmo" amount:"53605" >  module=x/stakeibc
7:00PM INF |   OSMOSIS-1     |      Msg: delegator_address:"osmo1npfl4vmmmf4yqhcemz95mvqujgdnlhrlxfzhlhz2gru8g2t749xqr9zm5e" validator_address:"osmovaloper1t8qckan2yrygq7kl9apwhzfalwzgc2429p8f0s" amount:<denom:"uosmo" amount:"47429" >  module=x/stakeibc
7:00PM INF |   OSMOSIS-1     |      Msg: delegator_address:"osmo1npfl4vmmmf4yqhcemz95mvqujgdnlhrlxfzhlhz2gru8g2t749xqr9zm5e" validator_address:"osmovaloper1thsw3n94lzxy0knhss9n554zqp4dnfzx78j7sq" amount:<denom:"uosmo" amount:"56914" >  module=x/stakeibc
7:00PM INF |   OSMOSIS-1     |      Msg: delegator_address:"osmo1npfl4vmmmf4yqhcemz95mvqujgdnlhrlxfzhlhz2gru8g2t749xqr9zm5e" validator_address:"osmovaloper1v5y0tg0jllvxf5c3afml8s3awue0ymjusax93d" amount:<denom:"uosmo" amount:"34413" >  module=x/stakeibc
7:00PM INF |   OSMOSIS-1     |      Msg: delegator_address:"osmo1npfl4vmmmf4yqhcemz95mvqujgdnlhrlxfzhlhz2gru8g2t749xqr9zm5e" validator_address:"osmovaloper1w4x44ek799hvg97x0mfwu6gg5dww2r8fdpqql4" amount:<denom:"uosmo" amount:"58459" >  module=x/stakeibc
7:00PM INF |   OSMOSIS-1     |      Msg: delegator_address:"osmo1npfl4vmmmf4yqhcemz95mvqujgdnlhrlxfzhlhz2gru8g2t749xqr9zm5e" validator_address:"osmovaloper1x20lytyf6zkcrv5edpkfkn8sz578qg5s833swz" amount:<denom:"uosmo" amount:"32207" >  module=x/stakeibc
7:00PM INF |   OSMOSIS-1     |      Msg: delegator_address:"osmo1npfl4vmmmf4yqhcemz95mvqujgdnlhrlxfzhlhz2gru8g2t749xqr9zm5e" validator_address:"osmovaloper1z89utvygweg5l56fsk8ak7t6hh88fd0axx2fya" amount:<denom:"uosmo" amount:"91328" >  module=x/stakeibc
7:00PM INF |   OSMOSIS-1     |      Msg: delegator_address:"osmo1npfl4vmmmf4yqhcemz95mvqujgdnlhrlxfzhlhz2gru8g2t749xqr9zm5e" validator_address:"osmovaloper1zlymlax05tg9km9jyw496jx60v86m454a3xf3m" amount:<denom:"uosmo" amount:"58238" >  module=x/stakeibc
